[    0000] Initializin cgroup subsys cpuset
[    0000000 Iitalizing cgroup ssy cpu[   .0000]niializi cgroup subsys cpcc
[  0000000] Linux veio 4.4-8-genri(buildlc01-31) (c version 5.4.0 20160609 (Ubuntu.40-ubuntu16.044.4) ) 11-Ubuntu MPTue Jul 18 12:55:3 UC 2017 (Ubntu 4.4.0-87.110-generic 4.4.73)
[  000000]Command in BOOT_IMAGE=/boot/vmlinuz-4.4.0-87-generic root=LABEL=cloudimg-roofs ro consle=tty1 console=ttyS0
[    0.000000] KERL supoed cpus:
[   0.000000]   Intel GenuineIel
[    0.000000  D AuthenticAMD
[    0.000000]   Centaur CentaurHauls    0.000000] ----------[ cut here ]--------
[    0.000000] WARNGCPU: 0 PD:0 at /ild/linux-yXrQinx-4.4./ah/x86/kernel/fpu/xstate.c:517 fpu_ni_system_state+0x38b/0x75a()
[    0.000000] XSAVE consistency problem, dumping leave
[    0.0000] Modules linked in:
[    0.000000] CPU: 0ID: 0 Comm: swapper Not aited 4.4.0-7-eneric #110-Ubuntu
[   0.00000]  0000000000000086 93deba4fa4e8ce ffffffff81e03d80 ffff813f9903
[    0.000000]  ffffffff81e03dc8 ffffffff81caa0d0 fffffff81e03db8ffffff101332
[    0.000000]  fffffff81e03e48 ffffffff81e03e4c 0000000000000008 0000000001
[    00000] Call Trace:   0.0000]  [<fffff813f903] dump_sac0x63/0x90
[    0.000000]  [<ffffffff81081332>] warn_slowpath_common+0x82/0xc0
[    0.000000]  [<ffffffff810813cc>] warn_slowpath_fmt+0x5c/0x80
[    0.000000]  [<ffffffff8107d040>] ? xfeature_size+0x59/0x77
[    0.000000]  [<ffffffff81f6d206>] fpu__init_system_xstate+0x38b/0x75a
[    0.000000]  [<ffffffff81f5d120>] ? early_idt_handler_array+0x120/0x120
[    0.000000]  [<ffffffff81f6cb71>] fpu__init_system+0x10d/0x245
[    0.000000]  [<ffffffff81f6dc7a>] early_cpu_init+0x139/0x13e
[    0.000000]  [<ffffffff81f6dc7a>] ? early_cpu_init+0x139/0x13e
[    0.000000]  [<ffffffff81f69181>] setup_arch+0xb4/0xcf1
[    0.000000]  [<ffffffff81f5d120>] ? early_idt_handler_array+0x120/0x120
[    0.000000]  [<ffffffff81f5dc74>] start_kernel+0xe4/0x4a2
[    0.000000]  [<ffffffff81f5d120>] ? early_idt_handler_array+0x120/0x120
[    0.000000]  [<ffffffff81f5d339>] x86_64_start_reservations+0x2a/0x2c
[    0.000000]  [<ffffffff81f5d485>] x86_64_start_kernel+0x14a/0x16d
[    0.000000] ---[ end trace 4d5ff9f2f68c4233 ]---
[    0.000000] CPUID[0d, 00]: eax=00000007 ebx=00000440 ecx=00000440 edx=00000000
[    0.000000] CPUID[0d, 01]: eax=00000000 ebx=000003c0 ecx=00000000 edx=00000000
[    0.000000] CPUID[0d, 02]: eax=00000100 ebx=00000240 ecx=00000000 edx=00000000
[    0.000000] CPUID[0d, 03]: eax=00000000 ebx=00000000 ecx=00000000 edx=00000000
[    0.000000] CPUID[0d, 04]: eax=00000000 e=00000ec=00000000 edx=00000000
[    0.000000] CPUID[0d, 05]: eax=00000000 ebx=00000000 ecx=00000000 edx=00000000
[    0.000000] CPUID[0d, 06]: eax=00000000 ebx=00000000 ecx=00000000 edx=00000000
[    0.000000] CPUID[0d, 07]: eax=00000000 ebx=00000000 ecx=00000000 edx=00000000
[    0.000000] CPUID[0d, 08]: eax=00000000 ebx=00000000 ecx=00000000 edx=00000000
[    0.000000] CPUID[0d, 09]: eax=00000000 ebx=00000000 ecx=00000000 edx=00000000
[    0.000000] CPUID[0d, 0a]: eax=00000000 ebx=00000000 ecx=00000000 edx=00000000
[    0.000000] CPUID[0d, 0b]: eax=00000000 ebx=00000000 ecx=00000000 edx=00000000
[    0.000000] CPUID[0d, 0c]: eax=00000000 ebx=00000000 ecx=00000000 edx=00000000
[    0.000000] CPUID[0d, 0d]: eax=00000000 ebx=00000000 ecx=00000000 edx=00000000
[    0.000000] CPUID[0d, 0e]: eax=00000000 ebx=00000000 ecx=00000000 edx=00000000
[    0.000000] CPUID[0d, 0f]: eax=00000000 ebx=00000000 ecx=00000000 edx=00000000
[    0.000000] CPUID[0d, 10]: eax=00000000 ebx=00000000 ecx=00000000 edx=00000000
[    0.000000] CPUID[0d, 11]: eax=00000000 ebx=00000000 ecx=00000000 edx=00000000
[    0.000000] x86/fpu: xstate_offset[2]:  576, xstate_sizes[2]:  256
[    0.000000] x86/fpu: Supporting XSAVE feature 0x01: 'x87 floating point registers'
[    0.000000] x86/fpu: Supporting XSAVE feature 0x02: 'SSE registers'
[    0.000000] x86/fpu: Supporting XSAVE feature 0x04: 'AVX registers'
[    0.000000] x86/fpu: Enabled xstate features 0x7, context size is 1088 bytes, using 'standard' format.
[    0.000000] x86/fpu: Using 'lazy' FPU context switches.
[    0.000000] e820: BIOS-provided physical RAM map:
[    0.000000] BIOS-e820: [mem 0x0000000000000000-0x000000000009fbff] usable
[    0.000000] BIOS-e820: [mem 0x000000000009fc00-0x000000000009ffff] reserved
[    0.000000] BIOS-e820: [mem 0x00000000000f0000-0x00000000000fffff] reserved
[    0.000000] BIOS-e820: [mem 0x0000000000100000-0x000000003ffeffff] usable
[    0.000000] BIOS-e820: [mem 0x000000003fff0000-0x000000003fffffff] ACPI data
[    0.000000] BIOS-e820: [mem 0x00000000fffc0000-0x00000000ffffffff] reserved
[    0.000000] NX (Execute Disable) protection: active
[    0.000000] SMBIOS 2.5 present.
[    0.000000] Hypervisor detected: KVM
[    0.000000] e820: last_pfn = 0x3fff0 max_arch_pfn = 0x400000000
[    0.000000] MTRR: Disabled
[    0.000000] x86/PAT: MTRRs disabled, skipping PAT initialization too.
[    0.000000] x86/PAT: Configuration [0-7]: WB  WT  UC- UC  WB  WT  UC- UC  
[    0.000000] CPU MTRRs all blank - virtualized system.
[    0.000000] found SMP MP-table at [mem 0x0009fff0-0x0009ffff] mapped at [ffff88000009fff0]
[    0.000000] Scanning 1 areas for low memory corruption
[    0.000000] RAMDISK: [mem 0x36ac2000-0x37558fff]
[    0.000000] ACPI: Early table checksum verification disabled
[    0.000000] ACPI: RSDP 0x00000000000E0000 000024 (v02 VBOX  )
[    0.000000] ACPI: XSDT 0x000000003FFF0030 00003C (v01 VBOX   VBOXXSDT 00000001 ASL  00000061)
[    0.000000] ACPI: FACP 0x000000003FFF00F0 0000F4 (v04 VBOX   VBOXFACP 00000001 ASL  00000061)
[    0.000000] ACPI: DSDT 0x000000003FFF0470 002118 (v01 VBOX   VBOXBIOS 00000002 INTL 20160108)
[    0.000000] ACPI: FACS 0x000000003FFF0200 000040
[    0.000000] ACPI: FACS 0x000000003FFF0200 000040
[    0.000000] ACPI: APIC 0x000000003FFF0240 00005C (v02 VBOX   VBOXAPIC 00000001 ASL  00000061)
[    0.000000] ACPI: SSDT 0x000000003FFF02A0 0001CC (v01 VBOX   VBOXCPUT 00000002 INTL 20160108)
[    0.000000] No NUMA configuration found
[    0.000000] Faking a node at [mem 0x0000000000000000-0x000000003ffeffff]
[    0.000000] NODE_DATA(0) allocated [mem 0x3ffeb000-0x3ffeffff]
[    0.000000] kvm-clock: Using msrs 4b564d01 and 4b564d00
[    0.000000] kvm-clock: cpu 0, msr 0:3ffe3001, primary cpu clock
[    0.000000] kvm-clock: using sched offset of 3069681232 cycles
[    0.000000] clocksource: kvm-clock: mask: 0xffffffffffffffff max_cycles: 0x1cd42e4dffb, max_idle_ns: 881590591483 ns
[    0.000000] Zone ranges:
[    0.000000]   DMA      [mem 0x0000000000001000-0x0000000000ffffff]
[    0.000000]   DMA32    [mem 0x0000000001000000-0x000000003ffeffff]
[    0.000000]   Normal   empty
[    0.000000]   Device   empty
[    0.000000] Movable zone start for each node
[    0.000000] Early memory node ranges
[    0.000000]   node   0: [mem 0x0000000000001000-0x000000000009efff]
[    0.000000]   node   0: [mem 0x0000000000100000-0x000000003ffeffff]
[    0.000000] Initmem setup node 0 [mem 0x0000000000001000-0x000000003ffeffff]
[    0.000000] ACPI: PM-Timer IO Port: 0x4008
[    0.000000] IOAPIC[0]: apic_id 2, version 17, address 0xfec00000, GSI 0-23
[    0.000000] ACPI: INT_SRC_OVR (bus 0 bus_irq 0 global_irq 2 dfl dfl)
[    0.000000] ACPI: INT_SRC_OVR (bus 0 bus_irq 9 global_irq 9 high level)
[    0.000000] Using ACPI (MADT) for SMP configuration information
[    0.000000] smpboot: Allowing 2 CPUs, 0 hotplug CPUs
[    0.000000] PM: Registered nosave memory: [mem 0x00000000-0x00000fff]
[    0.000000] PM: Registered nosave memory: [mem 0x0009f000-0x0009ffff]
[    0.000000] PM: Registered nosave memory: [mem 0x000a0000-0x000effff]
[    0.000000] PM: Registered nosave memory: [mem 0x000f0000-0x000fffff]
[    0.000000] e820: [mem 0x40000000-0xfffbffff] available for PCI devices
[    0.000000] Booting paravirtualized kernel on KVM
[    0.000000] clocksource: refined-jiffies: mask: 0xffffffff max_cycles: 0xffffffff, max_idle_ns: 7645519600211568 ns
[    0.000000] setup_percpu: NR_CPUS:512 nr_cpumask_bits:512 nr_cpu_ids:2 nr_node_ids:1
[    0.000000] PERCPU: Embedded 33 pages/cpu @ffff88003fc00000 s98264 r8192 d28712 u1048576
[    0.000000] PV qspinlock hash table entries: 256 (order: 0, 4096 bytes)
[    0.000000] Built 1 zonelists in Node order, mobility grouping on.  Total pages: 257913
[    0.000000] Policy zone: DMA32
[    0.000000] Kernel command line: BOOT_IMAGE=/boot/vmlinuz-4.4.0-87-generic root=LABEL=cloudimg-rootfs ro console=tty1 console=ttyS0
[    0.000000] PID hash table entries: 4096 (order: 3, 32768 bytes)
[    0.000000] Memory: 1001732K/1048120K available (8474K kernel code, 1293K rwdata, 3984K rodata, 1488K init, 1316K bss, 46388K reserved, 0K cma-reserved)
[    0.000000] SLUB: HWalign=64, Order=0-3, MinObjects=0, CPUs=2, Nodes=1
[    0.000000] Hierarchical RCU implementation.
[    0.000000] 	Build-time adjustment of leaf fanout to 64.
[    0.000000] 	RCU restricting CPUs from NR_CPUS=512 to nr_cpu_ids=2.
[    0.000000] RCU: Adjusting geometry for rcu_fanout_leaf=64, nr_cpu_ids=2
[    0.000000] NR_IRQS:33024 nr_irqs:440 16
[    0.000000] Console: colour VGA+ 80x25
[    0.000000] console [tty1] enabled
[    0.000000] console [ttyS0] enabled
[    0.000000] tsc: Detected 2496.000 MHz processor
[    6.370728] Calibrating delay loop (skipped) preset value.. 4992.00 BogoMIPS (lpj=9984000)
[    6.557606] pid_max: default: 32768 minimum: 301
[    6.669547] ACPI: Core revision 20150930
[    6.760837] ACPI: 2 ACPI AML tables successfully acquired and loaded
[    6.780287] Security Framework initialized
[    6.872300] Yama: becoming mindful.
[    6.953564] AppArmor: AppArmor initialized
[    7.012905] Dentry cache hash table entries: 131072 (order: 8, 1048576 bytes)
[    7.047106] Inode-cache hash table entries: 65536 (order: 7, 524288 bytes)
[    7.049204] Mount-cache hash table entries: 2048 (order: 2, 16384 bytes)
[    7.050987] Mountpoint-cache hash table entries: 2048 (order: 2, 16384 bytes)
[    7.053217] Initializing cgroup subsys io
[    7.054278] Initializing cgroup subsys memory
[    7.055670] Initializing cgroup subsys devices
[    7.057212] Initializing cgroup subsys freezer
[    7.058627] Initializing cgroup subsys net_cls
[    7.060002] Initializing cgroup subsys perf_event
[    7.061640] Initializing cgroup subsys net_prio
[    7.063020] Initializing cgroup subsys hugetlb
[    7.064486] Initializing cgroup subsys pids
[    7.065919] CPU: Physical Processor ID: 0
[    7.067184] CPU: Processor Core ID: 0
[    7.069717] mce: CPU supports 0 MCE banks
[    7.161268] Last level iTLB entries: 4KB 64, 2MB 8, 4MB 8
[    7.272363] Last level dTLB entries: 4KB 64, 2MB 0, 4MB 0, 1GB 4
[    7.403384] Freeing SMP alternatives memory: 32K (ffffffff820b9000 - ffffffff820c1000)
[    7.599073] ftrace: allocating 32128 entries in 126 pages
[    7.703701] smpboot: APIC(0) Converting physical 0 to logical package 0
[    7.868275] smpboot: Max logical packages: 1
[    7.964633] ..TIMER: vector=0x30 apic1=0 pin1=2 apic2=-1 pin2=-1
[    8.116609] smpboot: CPU0: Intel(R) Core(TM) i5-6300U CPU @ 2.40GHz (family: 0x6, model: 0x4e, stepping: 0x3)
[    8.337147] Performance Events: unsupported p6 CPU model 78 no PMU driver, software events only.
[    8.543132] KVM setup paravirtual spinlock
[    8.621897] x86: Booting SMP configuration:
[    8.708815] .... node  #0, CPUs:      #1
[    8.789907] kvm-clock: cpu 1, msr 0:3ffe3041, secondary cpu clock
[    8.798953] mce: CPU supports 0 MCE banks
[    8.801760] x86: Booted up 1 node, 2 CPUs
[    8.808350] smpboot: Total of 2 processors activated (9984.00 BogoMIPS)
[    8.812581] devtmpfs: initialized
[    8.820335] evm: security.selinux
[    8.827719] evm: security.SMACK64
[    8.829777] evm: security.SMACK64EXEC
[    8.831844] evm: security.SMACK64TRANSMUTE
[    8.832899] evm: security.SMACK64MMAP
[    8.834929] evm: security.ima
[    8.837472] evm: security.capability
[    8.841662] clocksource: jiffies: mask: 0xffffffff max_cycles: 0xffffffff, max_idle_ns: 7645041785100000 ns
[    8.845068] futex hash table entries: 512 (order: 3, 32768 bytes)
[    8.849950] pinctrl core: initialized pinctrl subsystem
[    8.857603] RTC time:  9:18:58, date: 08/03/17
[    8.862159] NET: Registered protocol family 16
[    8.976982] cpuidle: using governor ladder
[    9.037184] cpuidle: using governor menu
[    9.112421] PCCT header not found.
[    9.113756] ACPI: bus type PCI registered
[    9.115266] acpiphp: ACPI Hot Plug PCI Controller Driver version: 0.5
[    9.117939] PCI: Using configuration type 1 for base access
[    9.149819] ACPI: Added _OSI(Module Device)
[    9.177064] ACPI: Added _OSI(Processor Device)
[    9.225475] ACPI: Added _OSI(3.0 _SCP Extensions)
[    9.265787] ACPI: Added _OSI(Processor Aggregator Device)
[    9.319216] ACPI: Executed 1 blocks of module-level executable AML code
[    9.363066] ACPI: Interpreter enabled
[    9.405189] ACPI: (supports S0 S5)
[    9.463731] ACPI: Using IOAPIC for interrupt routing
[    9.561685] PCI: Using host bridge windows from ACPI; if necessary, use "pci=nocrs" and report a bug
[    9.689435] ACPI: PCI Root Bridge [PCI0] (domain 0000 [bus 00-ff])
[    9.798218] acpi PNP0A03:00: _OSC: OS supports [ASPM ClockPM Segments MSI]
[    9.933028] acpi PNP0A03:00: _OSC failed (AE_NOT_FOUND); disabling ASPM
[   10.029179] acpi PNP0A03:00: fail to add MMCONFIG information, can't access extended PCI configuration space under this bridge.
[   10.185163] PCI host bridge to bus 0000:00
[   10.233767] pci_bus 0000:00: root bus resource [io  0x0000-0x0cf7 window]
[   10.340678] pci_bus 0000:00: root bus resource [io  0x0d00-0xffff window]
[   10.467136] pci_bus 0000:00: root bus resource [mem 0x000a0000-0x000bffff window]
[   10.587941] pci_bus 0000:00: root bus resource [mem 0x40000000-0xffdfffff window]
[   10.629152] pci_bus 0000:00: root bus resource [bus 00-ff]
[   10.678586] pci 0000:00:01.1: legacy IDE quirk: reg 0x10: [io  0x01f0-0x01f7]
[   10.740951] pci 0000:00:01.1: legacy IDE quirk: reg 0x14: [io  0x03f6]
[   10.808842] pci 0000:00:01.1: legacy IDE quirk: reg 0x18: [io  0x0170-0x0177]
[   10.881277] pci 0000:00:01.1: legacy IDE quirk: reg 0x1c: [io  0x0376]
[   11.062630] ACPI: PCI Interrupt Link [LNKA] (IRQs 5 9 10 11) *0, disabled.
[   11.127215] ACPI: PCI Interrupt Link [LNKB] (IRQs 5 9 10 *11)
[   11.157531] ACPI: PCI Interrupt Link [LNKC] (IRQs 5 9 *10 11)
[   11.277796] ACPI: PCI Interrupt Link [LNKD] (IRQs 5 *9 10 11)
[   11.342417] ACPI: Enabled 2 GPEs in block 00 to 07
[   11.419821] vgaarb: setting as boot device: PCI:0000:00:02.0
[   11.438623] vgaarb: device added: PCI:0000:00:02.0,decodes=io+mem,owns=io+mem,locks=none
[   11.441343] vgaarb: loaded
[   11.456723] vgaarb: bridge control possible 0000:00:02.0
[   11.539605] SCSI subsystem initialized
[   11.617720] ACPI: bus type USB registered
[   11.706691] usbcore: registered new interface driver usbfs
[   11.844836] usbcore: registered new interface driver hub
[   11.931349] usbcore: registered new device driver usb
[   12.037899] PCI: Using ACPI for IRQ routing
[   12.128031] NetLabel: Initializing
[   12.190057] NetLabel:  domain hash size = 128
[   12.255559] NetLabel:  protocols = UNLABELED CIPSOv4
[   12.346577] NetLabel:  unlabeled traffic allowed by default
[   12.455027] amd_nb: Cannot enumerate AMD northbridges
[   12.558924] clocksource: Switched to clocksource kvm-clock
[   12.594714] AppArmor: AppArmor Filesystem Enabled
[   12.596848] pnp: PnP ACPI init
[   12.599246] pnp: PnP ACPI: found 3 devices
[   12.613109] clocksource: acpi_pm: mask: 0xffffff max_cycles: 0xffff m_ie_s:20571024 ns
[  19586NE Rgier ptol mi 2

[   135130TCesblhe hh ble enie 82 rd:  636yt)  4.64] CPindastae tres 819 (de 51372yts)[ 15693]CP Hh bl cfire(eabshed 892in81)   16.1236UDha tlentes51(oer2, 16384 bytes)
[  167452 U-Lite hashtae entrie: 2 rd:  184yt)
[   17.429397] NET: Regiserd otcofaly
  17.80274]pci 0000:00:00.0: Limiting direct PCI/PCI transfers
[  11014pc00:001: titi I D hg rkrods
[   18.909661] Unpacking initramfs...

[   20.900807] Frein iit memory: 10844K (ffff880036ac2000 - ffff8800375500)  1.39] atrmtcmo risreplfo R dvice (no PNP deve un
   22.19025] Scanning for low memory corruption every 60 seconds
[  2.175 t: fid C ocoue alraon24.39 MHz
[   22.934] ocoue:scmask: 0xffffffffffffffff max_cycles: 0x23f8068e97d, max_idle_ns: 440795257872 ns

[   22.943854] audit: initializing netlink subsys (disabled)
[   22.943870] audit: type=2000 audit(1501751945.620:1): initialized
[   22.944173] Initialise system trusted keyring
[   22.944330] HugeTLB registered 2 MB page size, pre-allocated 0 pages
[   22.946176] zbud: loaded
[   22.946385] VFS: Disk quotas dquot_6.6.0
[   22.946422] VFS: Dquot-cache hash table entries: 512 (order 0, 4096 bytes)
[   22.946738] squashfs: version 4.0 (2009/01/31) Phillip Lougher
[   22.947081] fuse init (API version 7.23)
[   22.947218] Key type big_key registered
[   22.947236] Allocating IMA MOK and blacklist keyrings.
[   22.947480] Key type asymmetric registered
[   22.947487] Asymmetric key parser 'x509' registered
[   22.947529] Block layer SCSI generic (bsg) driver version 0.4 loaded (major 249)
[   22.947552] io scheduler noop registered
[   22.947555] io scheduler deadline registered (default)
[   22.947589] io scheduler cfq registered
[   22.947708] pci_hotplug: PCI Hot Plug PCI Core version: 0.5
[   22.947715] pciehp: PCI Express Hot Plug Controller Driver version: 0.4
[   22.947865] ACPI: AC Adapter [AC] (on-line)
[   22.947935] input: Power Button as /devices/LNXSYSTM:00/LNXPWRBN:00/input/input0
[   22.947941] ACPI: Power Button [PWRF]
[   22.948015] input: Sleep Button as /devices/LNXSYSTM:00/LNXSLPBN:00/input/input1
[   22.948016] ACPI: Sleep Button [SLPF]
[   22.948166] GHES: HEST is not enabled!
[   22.948932] ACPI: Battery Slot [BAT0] (battery present)
[   22.948990] Serial: 8250/16550 driver, 32 ports, IRQ sharing enabled
[   23.304689] 00:02: ttyS0 at I/O 0x3f8 (irq = 4, base_baud = 115200) is a 16550A
[   23.314779] Linux agpgart interface v0.103
[   23.319968] loop: module loaded
[   23.320758] scsi host0: ata_piix
[   23.320852] scsi host1: ata_piix
[   23.320926] ata1: PATA max UDMA/33 cmd 0x1f0 ctl 0x3f6 bmdma 0xd000 irq 14
[   23.320927] ata2: PATA max UDMA/33 cmd 0x170 ctl 0x376 bmdma 0xd008 irq 15
[   23.321035] libphy: Fixed MDIO Bus: probed
[   23.321038] tun: Universal TUN/TAP device driver, 1.6
[   23.321039] tun: (C) 1999-2004 Max Krasnyansky <maxk@qualcomm.com>
[   23.321416] PPP generic driver version 2.4.2
[   23.321499] ehci_hcd: USB 2.0 'Enhanced' Host Controller (EHCI) Driver
[   23.321505] ehci-pci: EHCI PCI platform driver
[   23.321526] ehci-platform: EHCI generic platform driver
[   23.321538] ohci_hcd: USB 1.1 'Open' Host Controller (OHCI) Driver
[   23.321542] ohci-pci: OHCI PCI platform driver
[   23.321555] ohci-platform: OHCI generic platform driver
[   23.321565] uhci_hcd: USB Universal Host Controller Interface driver
[   23.321672] i8042: PNP: PS/2 Controller [PNP0303:PS2K,PNP0f03:PS2M] at 0x60,0x64 irq 1,12
[   23.323157] serio: i8042 KBD port at 0x60,0x64 irq 1
[   23.323164] serio: i8042 AUX port at 0x60,0x64 irq 12
[   23.323365] mousedev: PS/2 mouse device common for all mice
[   23.323784] rtc_cmos rtc_cmos: rtc core: registered rtc_cmos as rtc0
[   23.323865] rtc_cmos rtc_cmos: alarms up to one day, 114 bytes nvram
[   23.323877] i2c /dev entries driver
[   23.324006] device-mapper: uevent: version 1.0.3
[   23.324084] device-mapper: ioctl: 4.34.0-ioctl (2015-10-28) initialised: dm-devel@redhat.com
[   23.324113] ledtrig-cpu: registered to indicate activity on CPUs
[   23.324499] NET: Registered protocol family 10
[   23.324719] NET: Registered protocol family 17
[   23.324731] Key type dns_resolver registered
[   23.326294] microcode: CPU0 sig=0x406e3, pf=0x40, revision=0x0
[   23.326313] microcode: CPU1 sig=0x406e3, pf=0x40, revision=0x0
[   23.326438] microcode: Microcode Update Driver: v2.01 <tigran@aivazian.fsnet.co.uk>, Peter Oruba
[   23.326616] registered taskstats version 1
[   23.326634] Loading compiled-in X.509 certificates
[   23.327684] Loaded X.509 cert 'Build time autogenerated kernel key: 713bc24ccc5bf0d11d706d6f5bf7187ed23f7b25'
[   23.327723] zswap: loaded using pool lzo/zbud
[   23.330007] Key type trusted registered
[   23.333909] Key type encrypted registered
[   23.333917] AppArmor: AppArmor sha1 policy hashing enabled
[   23.333921] ima: No TPM chip found, activating TPM-bypass!
[   23.333949] evm: HMAC attrs: 0x1
[   23.334264]   Magic number: 13:460:322
[   23.334271] misc mcelog: hash matches
[   23.334290] tty tty47: hash matches
[   23.335213] rtc_cmos rtc_cmos: setting system clock to 2017-08-03 09:19:13 UTC (1501751953)
[   23.335337] input: AT Translated Set 2 keyboard as /devices/platform/i8042/serio0/input/input2
[   23.335510] BIOS EDD facility v0.16 2004-Jun-25, 0 devices found
[   23.335511] EDD information not available.
[   26.557737] Freeing unused kernel memory: 1488K (ffffffff81f45000 - ffffffff820b9000)
[   26.610630] Write protecting the kernel read-only data: 14336k
[   26.902880] Freeing unused kernel memory: 1756K (ffff880001849000 - ffff880001a00000)
[   27.243225] Freeing unused kernel memory: 112K (ffff880001de4000 - ffff880001e00000)
Loading, please [   27.587796] random: systemd-udevd: uninitialized urandom read (16 bytes read, 7 bits of entropy available)
wait...
startin[   27.588860] random: udevadm: uninitialized urandom read (16 bytes read, 7 bits of entropy available)
g version 229
[   27.588909] random: udevadm: uninitialized urandom read (16 bytes read, 7 bits of entropy available)
[   27.589070] random: udevadm: uninitialized urandom read (16 bytes read, 7 bits of entropy available)
[   27.589127] random: udevadm: uninitialized urandom read (16 bytes read, 7 bits of entropy available)
[   27.589184] random: udevadm: uninitialized urandom read (16 bytes read, 7 bits of entropy available)
[   27.589255] random: udevadm: uninitialized urandom read (16 bytes read, 7 bits of entropy available)
[   27.589307] random: udevadm: uninitialized urandom read (16 bytes read, 7 bits of entropy available)
[   27.589357] random: udevadm: uninitialized urandom read (16 bytes read, 7 bits of entropy available)
[   27.589430] random: udevadm: uninitialized urandom read (16 bytes read, 7 bits of entropy available)
[   27.803839] e1000: Intel(R) PRO/1000 Network Driver - version 7.3.21-k8-NAPI
[   27.806315] e1000: Copyright (c) 1999-2006 Intel Corporation.
[   27.817720] Fusion MPT base driver 3.04.20
[   27.825150] Copyright (c) 1999-2008 LSI Corporation
[   27.834491] Fusion MPT SPI Host driver 3.04.20
[   27.844764] AVX version of gcm_enc/dec engaged.
[   27.857869] AES CTR mode by8 optimization enabled
[   28.016699] input: ImExPS/2 Generic Explorer Mouse as /devices/platform/i8042/serio1/input/input4
[   28.195566] e1000 0000:00:03.0 eth0: (PCI:33MHz:32-bit) 02:df:35:49:a7:44
[   28.702333] e1000 0000:00:03.0 eth0: Intel(R) PRO/1000 Network Connection
[   28.750612] e1000 0000:00:03.0 enp0s3: renamed from eth0
[   28.761159] mptbase: ioc0: Initiating bringup
[   28.908955] ioc0: LSI53C1030 A0: Capabilities={Initiator}
[   29.163556] scsi host2: ioc0: LSI53C1030 A0, FwRev=00000000h, Ports=1, MaxQ=256, IRQ=20
[   30.466023] scsi 2:0:0:0: Direct-Access     VBOX     HARDDISK         1.0  PQ: 0 ANSI: 5
[   30.640167] scsi target2:0:0: Beginning Domain Validation
[   30.761982] scsi target2:0:0: Domain Validation skipping write tests
[   30.839026] floppy0: no floppy controllers found
[   30.839088] work still pending
[   31.064648] scsi target2:0:0: Ending Domain Validation
[   31.172833] scsi target2:0:0: asynchronous
[   31.193190] scsi 2:0:1:0: Direct-Access     VBOX     HARDDISK         1.0  PQ: 0 ANSI: 5
[   31.248746] scsi target2:0:1: Beginning Domain Validation
[   31.253319] scsi target2:0:1: Domain Validation skipping write tests
[   31.256352] scsi target2:0:1: Ending Domain Validation
[   31.259575] scsi target2:0:1: asynchronous
[   31.271703] sd 2:0:0:0: [sda] 20971520 512-byte logical blocks: (10.7 GB/10.0 GiB)
[   31.512944] sd 2:0:0:0: Attached scsi generic sg0 type 0
[   31.853037] sd 2:0:0:0: [sda] Write Protect is off
[   32.014949] sd 2:0:1:0: [sdb] 20480 512-byte logical blocks: (10.5 MB/10.0 MiB)
[   32.015228] sd 2:0:0:0: [sda] Incomplete mode parameter data
[   32.015230] sd 2:0:0:0: [sda] Assuming drive cache: write through
[   32.663852] sd 2:0:1:0: Attached scsi generic sg1 type 0
[   32.671563]  sda: sda1
[   32.672420] sd 2:0:0:0: [sda] Attached SCSI disk
[   34.212627] sd 2:0:1:0: [sdb] Write Protect is off
[   34.224996] sd 2:0:1:0: [sdb] Incomplete mode parameter data
[   34.226801] sd 2:0:1:0: [sdb] Assuming drive cache: write through
[   34.239191] sd 2:0:1:0: [sdb] Attached SCSI disk
Begin: Loading e[   35.640069] md: linear personality registered for level -1
ssential drivers[   35.956468] md: multipath personality registered for level -4
 ... [   36.004743] md: raid0 personality registered for level 0
[   36.205688] md: raid1 personality registered for level 1
[   36.507814] raid6: sse2x1   gen()  7354 MB/s
[   36.851779] raid6: sse2x1   xor()  5352 MB/s
[   37.061771] raid6: sse2x2   gen()  9309 MB/s
[   37.163549] raid6: sse2x2   xor()  6266 MB/s
[   37.426940] raid6: sse2x4   gen()  9783 MB/s
[   37.811775] raid6: sse2x4   xor()  7240 MB/s
[   38.132201] raid6: using algorithm sse2x4 gen() 9783 MB/s
[   38.299378] raid6: .... xor() 7240 MB/s, rmw enabled
[   38.604046] raid6: using ssse3x2 recovery algorithm
[   38.636673] xor: automatically using best checksumming function:
[   38.686928]    avx       : 16512.000 MB/sec
[   38.748585] async_tx: api initialized (async)
[   38.849146] md: raid6 personality registered for level 6
[   38.861138] md: raid5 personality registered for level 5
[   38.865411] md: raid4 personality registered for level 4
[   38.875706] md: raid10 personality registered for level 10
done.
Begin: Running /scripts/init-premount ... done.
Begin: Mounting root file system ... Begin: Running /scripts/local-top ... done.
Begin: Running /scripts/loc[   38.981258] Btrfs loaded
al-premount ... Scanning for Btrfs filesystems
done.
Warning: fsck no[   39.061514] EXT4-fs (sda1): mounted filesystem with ordered data mode. Opts: (null)
t present, so skipping root file system
done.
Begin: Running /scripts/local-bottom ... done.
Begin: Running /scripts/init-bottom ... done.
[   39.795966] systemd[1]: systemd 229 running in system mode. (+PAM +AUDIT +SELINUX +IMA +APPARMOR +SMACK +SYSVINIT +UTMP +LIBCRYPTSETUP +GCRYPT +GNUTLS +ACL +ZZ -LZ4 +SECCOMP +BLKID +ELFUTILS +KMOD -IDN)
[   40.706959] systemd[1]: Detected virtualization oracle.
[   40.808363] systemd[1]: Detected architecture x86-64.

Welcome to [1mUbuntu 16.04.2 LTS[0m!

[   40.851888] systemd[1]: Set hostname to <ubuntu>.
[   40.937730] systemd[1]: Initializing machine ID from random generator.
[   41.322524] systemd[1]: Installed transient /etc/machine-id file.
[   41.430170] random: nonblocking pool is initialized
[   41.528887] systemd[1]: Listening on Journal Audit Socket.
[[0;32m  OK  [0m] Listening on Journal Audit Socket.
[   41.540935] systemd[1]: Set up automount Arbitrary Executable File Formats File System Automount Point.
[[0;32m  OK  [0m] Set up automount Arbitrary Executab...ats File System Automount Point.
[   41.560337] systemd[1]: Reached target Encrypted Volumes.
[[0;32m  OK  [0m] Reached target Encrypted Volumes.
[   41.671548] systemd[1]: Created slice System Slice.
[[0;32m  OK  [0m] Created slice System Slice.
[  41.772541] systed[1]: Listening on LV mada em ske
[[0;32m  OK  [0m] Listening on LVM2 metadata daemon socket.
[   42.279867] systemd[1: ead ic system-serialx2ety.slice.
[[0;32m  OK  [0m] Created slice system-serial\x2dgetty.slice.
[   42.755203] systemd[1]: Listening on udv Control Socket.

[[0;32m  OK  [0m] Listening on udev Control Socket.
[   42.965386] systemd[1]: Started Trigger resolvconf update for networkd DNS.
[[0;32m  OK  [0m] Started Trigger resolvconf update for networkd DNS.
[ 43230]ysmd1]RehetaetUs a GupName Loks.
[[0;32m  OK  [0m] Reached target User and Group Name Lookups.
[   3.6492] systemd[1]: Listening on SysloSoet.
[[0;32m  OK  [0m] Listening on Syslog Socket.
[   44.210292] systemd[1]: Listening on LVM2 poll daemon socket.
[[0;32m  OK  [0m] Listening on LVM2 poll daemon socket.
[   44.280662] systemd[1]: Listening on Journal Socket (/dev/log).
[[0;32m  OK  [0m] Listening on Journal Socket (/dev/log).
[   44.291326] systemd[1]: Reached target Swap.
[[0;32m  OK  [0m] Reached target Swap.
[   44.351807] systemd[1]: Started Forward Password Requests to Wall Directory Watch.
[[0;32m  OK  [0m] Started Forward Password Requests to Wall Directory Watch.
[ 44794]systemd[1]: Listening on/dv/initctl Compatbiity am Ppe.
[[0;32m  OK  [0m] Listening on /dev/initctl Compatibility Named Pipe.
[   44.950196] systemd[1]: Created slice User and Session Slice.
[[0;32m  OK  [0m] Created slice User and Session Slice.
[   45.111563]syted[]:eaedaretlis.
[[0;32m  OK  [0m] Reached target Slices.
[   45.563992] systemd[1]: Listening on udev Kernel Socket.
[[0;32m  OK  [0m] Listening on udev Kernel Socket.
[   45.575436] systemd[1]: Listening on Journal Socket.
[[0;32m  OK  [0m] Listening on Journal Socket.
[   45.707170] systemd[1]: Starting Set console keymap...
         Starting Set console keymap...
[   45.852997] systemd[1]: Mounting Debug File System...
         Mounting Debug File System...
[   45.971144] systemd[1]: Starting Nameserver information manager...
         Starting Nameserver information manager...
[   46.053098] systemd[1]: Starting Create list of required static device nodes for the current kernel...
         Starting Create list of required st... nodes for the current kernel...
[   46.291160] systemd[1]: Starting Remount Root and Kernel File Systems...
         Starting Remount[   46.296456] EXT4-fs (sda1): re-mounted. Opts: (null)
 Root and Kernel File Systems...
[   46.327778] systemd[1]: Mounting Huge Pages File System...
         Mounting Huge Pages File System...
[   46.390587] systemd[1]: Starting Load Kernel Modules...
         [   46.501580] Loading iSCSI transport class v2.0-870.
Starting Load Ke[   46.517243] iscsi: registered transport (tcp)
rnel Modules...
[   46.535210] systemd[1]: Starting Journal Service...
         Starting Journal Service...
[   46.610303] systemd[1]: Mounting POSIX Message Queue File System...
         Mounting POSIX Message Queue File System...
[   46.631266] systemd[1]: Listening on Device-mapper event daemon FIFOs.
[[0;32m  OK  [[   46.719199] iscsi: registered transport (iser)
0m] Listening on Device-mapper event daemon FIFOs.
[   46.855177] systemd[1]: Starting Monitoring of LVM2 mirrors, snapshots etc. using dmeventd or progress polling...
         Starting Monitoring of LVM2 mirrors... dmeventd or progress polling...
[   46.977165] systemd[1]: Starting Uncomplicated firewall...
         Starting Uncomplicated firewall...
[   47.175961] systemd[1]: Mounted Huge Pages File System.
[[0;32m  OK  [0m] Mounted Huge Pages File System.
[   47.418379] systemd[1]: Mounted Debug File System.
[[0;32m  OK  [0m] Mounted Debug File System.
[   47.422237] systemd[1]: Mounted POSIX Message Queue File System.
[[0;32m  OK  [0m] Mounted POSIX Message Queue File System.
[   47.426377] systemd[1]: Started Jurl rvice.
[[0;32m  OK  [0m] Started Journal Service.
[[0;32m  OK  [0m] Started Set console keymap.
[[0;32m  OK  [0m] Started Create list of required sta...ce nodes for the current kernel.
[[0;32m  OK  [0m] Started Remount Root and Kernel File Systems.
[[0;32m  OK  [0m] Started Load Kernel Modules.
[[0;32m  OK  [0m] Started Uncomplicated firewall.
[[0;32m  OK  [0m] Started Nameserver information manager.
[[0;32m  OK  [0m] Started LVM2 metadata daemon.
         Starting Apply Kernel Variables...
         Mounting FUSE Control File System...
         Starting Initial cloud-init job (pre-networking)...
         Starting Load/Save Random Seed...
         Starting udev Coldplug all Devices...
         Starting Create Static Device Nodes in /dev...
         Starting Flush Journal to Persistent Storage...
[[0;32m  OK  [0m] Mounted FUSE Control File System.
[[0;32m  OK  [0m] Started Apply Kernel Variables.
[[0;32m  OK  [0m] Started Load/Save Random Seed.
[[0;32m  OK  [0m] Started Create Static Device Nodes in /dev.
[[0;32m  OK  [0m] Started udev Coldplug all Devices.
[[0;32m  OK  [0m] Started Flush Journal to Persistent Storage.
         Starting udev Kernel Device Manager...
[[0;32m  OK  [0m] Started udev Kernel Device Manager.
[[0;32m  OK  [0m] Started Dispatch Password Requests to Console Directory Watch.
[[0;32m  OK  [0m] Started Monitoring of LVM2 mirrors,...ng dmeventd or progress polling.
[[0;32m  OK  [0m] Reached target Local File Systems (Pre).
[[0;32m  OK  [0m] Reached target Local File Systems.
         Starting Set console font and keymap...
         Starting LSB: AppArmor initialization...
         Starting Create Volatile Files and Directories...
         Starting Commit a transient machine-id on disk...
         Starting Tell Plymouth To Write Out Runtime Data...
[[0;32m  OK  [0m] Started Create Volatile Files and Directories.
[[0;32m  OK  [0m] Started Commit a transient machine-id on disk.
[[0;32m  OK  [0m] Started Tell Plymouth To Write Out Runtime Data.
[[0;32m  OK  [0m] Found device /dev/ttyS0.
[[0;32m  OK  [0m] Listening on Load/Save RF Kill Switch Status /dev/rfkill Watch.
[[0;32m  OK  [0m] Reached target System Time Synchronized.
[   38.252645] cloud-init[450]: Cloud-init v. 0.7.9 running 'init-local' at Thu, 03 Aug 2017 09:19:40 +0000. Up 37.82 seconds.
         Starting Update UTMP about System Boot/Shutdown...
[[0;1;31mFAILED[0m] Failed to start Set console font and keymap.
See 'systemctl status console-setup.service' for details.
[[0;32m  OK  [0m] Started LSB: AppArmor initialization.
[[0;32m  OK  [0m] Started Initial cloud-init job (pre-networking).
[[0;32m  OK  [0m] Started Update UTMP about System Boot/Shutdown.
[[0;32m  OK  [0m] Reached target Network (Pre).
         Starting Raise network interfaces...
[[0;32m  OK  [0m] Created slice system-getty.slice.
[[0;32m  OK  [0m] Started Raise network interfaces.
         Starting Initial cloud-init job (metadata service crawler)...
[[0;32m  OK  [0m] Reached target Network.
[   41.373569] cloud-init[900]: Cloud-init v. 0.7.9 running 'init' at Thu, 03 Aug 2017 09:19:42 +0000. Up 40.13 seconds.
[   41.488477] cloud-init[900]: ci-info: +++++++++++++++++++++++++++++++++++++Net device info++++++++++++++++++++++++++++++++++++++
[   41.553593] [cloud-init[0;32m  OK  [0m[900]: ] ci-info: +--------+------+----------------------------+---------------+-------+-------------------+Started Initial cloud-init job (metadata service crawler).

[   41.553944] cloud-init[900]: ci-info: | Device |  Up  |          Address           |      Mask     | Scope |     Hw-Address    |
[   41.733495] [cloud-init[0;32m  OK  [0m[900]: ] ci-info: +--------+------+----------------------------+---------------+-------+-------------------+Reached target Network is Online.

[   41.733931] cloud-init[900]: ci-info: | enp0s3 | True |         10.0.2.15          | 255.255.255.0 |   .   | 02:df:35:49:a7:44 |
[   41.930809] cloud-init[900]: ci-info: | enp0s3 | True | fe80::df:35ff:fe49:a744/64 |       .       |  link | 02:df:35:49:a7:44 |
[   41.956877] cloud-init[900]: ci-info: |   lo   | True |         127.0.0.1          |   255.0.0.0   |   .   |         .         |
[   41.977015] cloud-init[900]: ci-info: |   lo   | True |          ::1/128           |       .       |  host |         .         |
[   42.048403] cloud-init[900]: ci-info: +--------+------+----------------------------+---------------+-------+-------------------+
[   42.172336] cloud-init[900]: ci-info: +++++++++++++++++++++++++++Route IPv4 info++++++++++++++++++++++++++++
[   42.220678]          cloud-initStarting iSCSI initiator daemon (iscsid)...[900]: 
ci-info: +-------+-------------+----------+---------------+-----------+-------+
[   42.221279] [cloud-init[0;32m  OK  [0m[900]: ] ci-info: | Route | Destination | Gateway  |    Genmask    | Interface | Flags |Reached target System Initialization.

[   42.353747] cloud-init[900]: ci-info: +-------+-------------+----------+---------------+-----------+-------+
[   42.443289] [cloud-init[0;32m  OK  [0m[900]: ] ci-info: |   0   |   0.0.0.0   | 10.0.2.2 |    0.0.0.0    |   enp0s3  |   UG  |Started Daily apt activities.

[[0;32m  OK  [0m] Started Timer to automatically refresh installed snaps.
[[0;32m  OK  [0m] Started Daily Cleanup of Temporary Directories.
[   42.443867] cloud-init[900]: ci-info: |   1   |   10.0.2.0  | 0.0.0.0  | 255.255.255.0 |   enp0s3  |   U   |
[   42.523448] [[0;32m  OK  [0m] Reached target Timers.
cloud-init[900]: ci-info: +-------+-------------+----------+---------------+-----------+-------+
         Starting Socket activation for snappy daemon.
[   42.661110] cloud-init[900]: Generating public/private rsa key pair.
[   42.700447] [cloud-init[0;32m  OK  [0m[900]: ] Your identification has been saved in /etc/ssh/ssh_host_rsa_key.Started ACPI Events Check.

[   42.700990] [cloud-init[0;32m  OK  [0m[900]: ] Your public key has been saved in /etc/ssh/ssh_host_rsa_key.pub.Reached target Paths.

[[0;32m  OK  [0m] Listening on UUID daemon activation socket.
[[0;32m  OK  [0m] Listening on ACPID Listen Socket.
[   42.732977] cloud-init[900]: The key fingerprint is:
[   42.953325] cloud-init[900]: SHA256:c5Xl39lJMAv95vGy+5j9semY6t7YiFibZxEDxoutGlU root@ubuntu-xenial
[   42.964184]          cloud-initStarting LXD - unix socket.[900]: 
The key's randomart image is:
[[0;32m  OK  [0m] Listening on D-Bus System Message Bus Socket.
[[0;32m  OK  [0m] Reached target Cloud-config availability.
[   42.964563] cloud-init[900]: +---[RSA 2048]----+
[   43.066228] [[0;32m  OK  [0m] Listening on Socket activation for snappy daemon.
[[0;32m  OK  [0m] Listening on LXD - unix socket.
[[0;32m  OK  [0m] Started iSCSI initiator daemon (iscsid).
cloud-init[900]: |        .  ..o.  |
[   43.071919] cloud-init[900]: |         E  .=+  |
[   43.074578] cloud-init[900]: |        = o o.o. |
[   43.077324] cloud-init[900]: |       o o +  .==|
[   43.079457] cloud-init[900]: |      . S . o oo*|
[   43.081914] cloud-init[900]: |     . . o .  ...|
[   43.084215] cloud-init[900]: |      o  .  .  + |
[   43.086746] cloud-init[900]: |     .  o +o= +++|
[   43.088929] cloud-init[900]: |       . +=*.==*=|
[   43.091223] cloud-init[900]: +----[SHA256]-----+
[   43.093877] cloud-init[900]: Generating public/private dsa key pair.
[   43.096363] cloud-init[900]: Your identification has been saved in /etc/ssh/ssh_host_dsa_key.
[   43.099382] cloud-init[900]: Your public key has been saved in /etc/ssh/ssh_host_dsa_key.pub.
[   43.102349] cloud-init[900]: The key fingerprint is:
[   43.104743] cloud-init[900]: SHA256:s+sa6+xLw+1EGI16v6bO7wsiqte4LaXiQCmIOIZcbZk root@ubuntu-xenial
[   43.107954] cloud-init[900]: The key's randomart image is:
[   43.123809] cloud-init[900]: +---[DSA 1024]----+
[   43.124258] cloud-init[900]: |                 |
[   43.124486] cloud-init[900]: |    . oo         |
[   43.124699] cloud-init[900]: |   . Eo .        |
[   43.124911] cloud-init[900]: |* o .. o         |
[   43.125132] cloud-init[900]: |B=  . o S        |
[   43.125337] cloud-init[900]: |+.  .o + o       |
[   43.125548] cloud-init[900]: |. .=. * =        |
[   43.126176] cloud-init[900]: |o.=o.= B.o       |
[   43.126365] cloud-init[900]: |=+.o.+@OO.       |
[   43.126574] cloud-init[900]: +----[SHA256]-----+
[   43.126786] cloud-init[900]: Generating public/private ecdsa key pair.
[   43.126997] cloud-init[900]: Your identification has been saved in /etc/ssh/ssh_host_ecdsa_key.
[   43.127211] cloud-init[900]: Your public key has been saved in /etc/ssh/ssh_host_ecdsa_key.pub.
[   43.127424] cloud-init[900]: The key fingerprint is:
[   43.127650] cloud-init[900]: SHA256:vvGznEyKqXgmqLyKbSuyTGNxw9pJG39pS74PgQDeYKo root@ubuntu-xenial
[   43.127881] cloud-init[900]: The key's randomart image is:
[   43.134915] cloud-init[900]: +---[ECDSA 256]---+
[   43.135258] cloud-init[900]: | +               |
[   43.136841] cloud-init[900]: |+ +              |
[   43.137000] cloud-init[900]: |.. o             |
[   43.137221] cloud-init[900]: |. . . .          |
[   43.137433] cloud-init[900]: |E. * . .S        |
[   43.137649] cloud-init[900]: |  * *  .o        |
[   43.138095] cloud-init[900]: | * + . *o .      |
[   43.138515] cloud-init[900]: |X.+.o =ooO..     |
[   43.138734] cloud-init[900]: |OB==..o+=.*o     |
[   43.138943] cloud-init[900]: +----[SHA256]-----+
[   43.142273] cloud-init[900]: Generating public/private ed25519 key pair.
[   43.143621] cloud-init[900]: Your identification has been saved in /etc/ssh/ssh_host_ed25519_key.
[   43.143958] cloud-init[900]: Your public key has been saved in /etc/ssh/ssh_host_ed25519_key.pub.
[   43.150264] cloud-init[900]: The key fingerprint is:
[   43.150340] cloud-init[900]: SHA256:ETf0SPNsts3v1nckXfuE0KcCGHwt70DMxwFu+5oqN7k root@ubuntu-xenial
[   43.150397] cloud-init[900]: The key's randomart image is:
[   43.150454] cloud-init[900]: +--[ED25519 256]--+
[   43.150507] cloud-init[900]: |       ..+B+..   |
[   43.150555] cloud-init[900]: |        o=*B+    |
[   43.150624] cloud-init[900]: |        .=++*.   |
[   43.150671] cloud-init[900]: |        .oo+o+. o|
[   43.150722] cloud-init[900]: |        S .+..o=o|
[   43.150771] cloud-init[900]: |           .o +o+|
[   43.150831] cloud-init[900]: |         .  .. ++|
[   43.150885] cloud-init[900]: |      . +  o   .*|
[   43.151205] cloud-init[900]: |       oE+o    .+|
[   43.151247] cloud-init[900]: +----[SHA256]-----+
         Starting Login to default iSCSI targets...
[[0;32m  OK  [0m] Reached target Sockets.
[[0;32m  OK  [0m] Reached target Basic System.
[[0;32m  OK  [0m] Started Regular background program processing daemon.
[[0;32m  OK  [0m] Started Deferred execution scheduler.
         Starting Apply the settings specified in cloud-config...
         Starting Login Service...
         Starting LXD - container startup/shutdown...
[[0;32m  OK  [0m] Started D-Bus System Message Bus.
[[0;32m  OK  [0m] Started FUSE filesystem for LXC.
         Starting LSB: MD monitoring daemon...
[[0;32m  OK  [0m] Started Snappy daemon.
         Starting LSB: Record successful boot for GRUB...
         Starting Accounts Service...
[[0;32m  OK  [0m] Started Unattended Upgrades Shutdown.
[[0;32m  OK  [0m] Started ACPI event daemon.
         Starting /etc/rc.local Compatibility...
         Starting Pollinate to seed the pseudo random number generator...
         Starting System Logging Service...
         Starting Auto import assertions from block devices...
[[0;32m  OK  [0m] Started System Logging Service.
[[0;32m  OK  [0m] Started LXD - container startup/shutdown.
[[0;32m  OK  [0m] Started /etc/rc.local Compatibility.
[   44.871848] cloud-init[1004]: Generating locales (this might take a while)...
[[0;32m  OK  [0m] Started Auto import assertions from block devices.
[[0;32m  OK  [0m] Started Login to default iSCSI targets.
[[0;32m  OK  [0m] Started LSB: MD monitoring daemon.
[[0;32m  OK  [0m] Started Pollinate to seed the pseudo random number generator.
[[0;32m  OK  [0m] Started LSB: Record successful boot for GRUB.
[[0;32m  OK  [0m] Started Login Service.
         Starting Authenticate and Authorize Users to Run Privileged Tasks...
         Starting OpenBSD Secure Shell server...
[[0;32m  OK  [0m] Reached target Remote File Systems (Pre).
[[0;32m  OK  [0m] Reached target Remote File Systems.
         Starting LSB: VirtualBox Linux Additions...
         Starting Permit User Sessions...
         Starting LSB: automatic crash report generation...
         Starting LSB: Set the CPU Frequency Scaling governor to "ondemand"...
         Starting LSB: daemon to balance interrupts for SMP systems...
[[0;32m  OK  [0m] Started OpenBSD Secure Shell server.
[[0;32m  OK  [0m] Started Permit User Sessions.
[[0;32m  OK  [0m] Started Authenticate and Authorize Users to Run Privileged Tasks.
[[0;32m  OK  [0m] Started Accounts Service.
         Starting Terminate Plymouth Boot Screen...
         Starting Hold until boot process finishes up...
[[0;32m  OK  [0m] Started LSB: automatic crash report generation.
[[0;32m  OK  [0m] Started LSB: VirtualBox Linux Additions.
[[0;32m  OK  [0m] Started LSB: Set the CPU Frequency Scaling governor to "ondemand".
[[0;32m  OK  [0m] Started LSB: daemon to balance interrupts for SMP systems.
[[0;32m  OK  [0m] Started Terminate Plymouth Boot Screen.
[[0;32m  OK  [0m] Started Hold until boot process finishes up.
[   46.674699] cloud-init[1004]:   en_US.UTF-8... done
[   46.870136] cloud-init[1004]: Generation complete.
[[0;32m  OK  [0m] Started Serial Getty on ttyS0.
[[0;32m  OK  [0m] Started Getty on tty1.
[[0;32m  OK  [0m] Reached target Login Prompts.
         Starting Set console scheme...
[[0;32m  OK  [0m] Reached target Multi-User System.
[[0;32m  OK  [0m] Reached target Graphical Interface.
         Starting Update UTMP about System Runlevel Changes...
[[0;32m  OK  [0m] Started Set console scheme.
[[0;32m  OK  [0m] Started Update UTMP about System Runlevel Changes.
         Stopping OpenBSD Secure Shell server...
[[0;32m  OK  [0m] Stopped OpenBSD Secure Shell server.
         Starting OpenBSD Secure Shell server...
[[0;32m  OK  [0m] Started OpenBSD Secure Shell server.
[[0;32m  OK  [0m] Created slice User Slice of ubuntu.
[   47.645888] cloud-init[1004]: Cloud-init v. 0.7.9 running 'modules:config' at Thu, 03 Aug 2017 09:19:46 +0000. Up 44.69 seconds.
         Starting User Manager for UID 1000...
[[0;32m  OK  [0m] Started User Manager for UID 1000.
[[0;32m  OK  [0m] Started Apply the settings specified in cloud-config.
[[0;32m  OK  [0m] Started Session 1 of user ubuntu.
         Starting Execute cloud user/final scripts...
ci-info: no authorized ssh keys fingerprints found for user ubuntu.
<14>Aug  3 09:19:50 ec2: 
<14>Aug  3 09:19:50 ec2: #############################################################
<14>Aug  3 09:19:50 ec2: -----BEGIN SSH HOST KEY FINGERPRINTS-----
<14>Aug  3 09:19:50 ec2: 1024 SHA256:s+sa6+xLw+1EGI16v6bO7wsiqte4LaXiQCmIOIZcbZk root@ubuntu-xenial (DSA)
<14>Aug  3 09:19:50 ec2: 256 SHA256:vvGznEyKqXgmqLyKbSuyTGNxw9pJG39pS74PgQDeYKo root@ubuntu-xenial (ECDSA)
<14>Aug  3 09:19:50 ec2: 256 SHA256:ETf0SPNsts3v1nckXfuE0KcCGHwt70DMxwFu+5oqN7k root@ubuntu-xenial (ED25519)
<14>Aug  3 09:19:50 ec2: 2048 SHA256:c5Xl39lJMAv95vGy+5j9semY6t7YiFibZxEDxoutGlU root@ubuntu-xenial (RSA)
<14>Aug  3 09:19:50 ec2: -----END SSH HOST KEY FINGERPRINTS-----
<14>Aug  3 09:19:50 ec2: #############################################################
-----BEGIN SSH HOST KEY KEYS-----
ecdsa-sha2-nistp256 AAAAE2VjZHNhLXNoYTItbmlzdHAyNTYAAAAIbmlzdHAyNTYAAABBBMtPbEpKfyk5FCQvNmyDd1DWWDiH3/Otf6jFGWqTuhw2h/EHSlDjzAAHrKACZw7XfPyXacZCfhkI3woBSsle44A= root@ubuntu-xenial
ssh-ed25519 AAAAC3NzaC1lZDI1NTE5AAAAIPhnJV4g5vbRjAIHyq9iIUGYqs4N6P3ksZOH8pAdkfUF root@ubuntu-xenial
ssh-rsa AAAAB3NzaC1yc2EAAAADAQABAAABAQCwxKMdXYEhIcb3vjOPp3bk5PxvKd+EE6cJQN2MnK0/9VG786GfvMEy3thP4T3ngNnTbskKa/NAqkboqzvZEdEfBI8J2xkQkL/B4CcqIQLR5DvR47KggOZ83WklHDnDT7yJKpd0VTfPINChxs074oXM35lSKRUWEoxc9QDdmZ/vrsPquaQCQ1YtzNqLyTof+Lc4oakgNrWfIHkeNq0E7+hyPaWfyKLCv6c4ylzr3IpkhjF386O2wUjF+NC52cErEW2rjn0tjKqdbYLOhmHSCAK8ixLyFmAPYS81mHsbsLR7QGBqn1p1v/erKdgOVFqwClrcKWMpHQFk1n+t5pTrn/RR root@ubuntu-xenial
-----END SSH HOST KEY KEYS-----
[   48.871388] cloud-init[1284]: Cloud-init v. 0.7.9 running 'modules:final' at Thu, 03 Aug 2017 09:19:50 +0000. Up 48.45 seconds.
[   48.876029] cloud-init[1284]: ci-info: no authorized ssh keys fingerprints found for user ubuntu.
[   48.919982] cloud-init[1284]: Cloud-init v. 0.7.9 finished at Thu, 03 Aug 2017 09:19:51 +0000. Datasource DataSourceNoCloud [seed=/dev/sdb][dsmode=net].  Up 48.86 seconds
[[0;32m  OK  [0m] Started Execute cloud user/final scripts.
[[0;32m  OK  [0m] Reached target Cloud-init target.

Ubuntu 16.04.2 LTS ubuntu-xenial ttyS0

ubuntu-xenial login: 